Performing C SOURCE FILE Test CMAKE_HAVE_LIBC_PTHREAD failed with the following output:
Change Dir: /home/philtell/code/gaode_ws/src/cmake-build-debug/CMakeFiles/CMakeScratch/TryCompile-0Hdr0P

Run Build Command(s):/usr/bin/make -f Makefile cmTC_259cc/fast && /usr/bin/make  -f CMakeFiles/cmTC_259cc.dir/build.make CMakeFiles/cmTC_259cc.dir/build
make[1]: Entering directory '/home/philtell/code/gaode_ws/src/cmake-build-debug/CMakeFiles/CMakeScratch/TryCompile-0Hdr0P'
Building C object CMakeFiles/cmTC_259cc.dir/src.c.o
/usr/bin/cc -DCMAKE_HAVE_LIBC_PTHREAD  -fdiagnostics-color=always -o CMakeFiles/cmTC_259cc.dir/src.c.o -c /home/philtell/code/gaode_ws/src/cmake-build-debug/CMakeFiles/CMakeScratch/TryCompile-0Hdr0P/src.c
Linking C executable cmTC_259cc
/home/software/clion/bin/cmake/linux/x64/bin/cmake -E cmake_link_script CMakeFiles/cmTC_259cc.dir/link.txt --verbose=1
/usr/bin/cc -rdynamic CMakeFiles/cmTC_259cc.dir/src.c.o -o cmTC_259cc 
/usr/bin/ld: CMakeFiles/cmTC_259cc.dir/src.c.o: in function `main':
src.c:(.text+0x46): undefined reference to `pthread_create'
/usr/bin/ld: src.c:(.text+0x52): undefined reference to `pthread_detach'
/usr/bin/ld: src.c:(.text+0x5e): undefined reference to `pthread_cancel'
/usr/bin/ld: src.c:(.text+0x6f): undefined reference to `pthread_join'
collect2: error: ld returned 1 exit status
make[1]: *** [CMakeFiles/cmTC_259cc.dir/build.make:99: cmTC_259cc] Error 1
make[1]: Leaving directory '/home/philtell/code/gaode_ws/src/cmake-build-debug/CMakeFiles/CMakeScratch/TryCompile-0Hdr0P'
make: *** [Makefile:127: cmTC_259cc/fast] Error 2


Source file was:
#include <pthread.h>

static void* test_func(void* data)
{
  return data;
}

int main(void)
{
  pthread_t thread;
  pthread_create(&thread, NULL, test_func, NULL);
  pthread_detach(thread);
  pthread_cancel(thread);
  pthread_join(thread, NULL);
  pthread_atfork(NULL, NULL, NULL);
  pthread_exit(NULL);

  return 0;
}


Determining if the function pthread_create exists in the pthreads failed with the following output:
Change Dir: /home/philtell/code/gaode_ws/src/cmake-build-debug/CMakeFiles/CMakeScratch/TryCompile-TnUZUN

Run Build Command(s):/usr/bin/make -f Makefile cmTC_f63e1/fast && /usr/bin/make  -f CMakeFiles/cmTC_f63e1.dir/build.make CMakeFiles/cmTC_f63e1.dir/build
make[1]: Entering directory '/home/philtell/code/gaode_ws/src/cmake-build-debug/CMakeFiles/CMakeScratch/TryCompile-TnUZUN'
Building C object CMakeFiles/cmTC_f63e1.dir/CheckFunctionExists.c.o
/usr/bin/cc   -DCHECK_FUNCTION_EXISTS=pthread_create -fdiagnostics-color=always -o CMakeFiles/cmTC_f63e1.dir/CheckFunctionExists.c.o -c /home/philtell/code/gaode_ws/src/cmake-build-debug/CMakeFiles/CMakeScratch/TryCompile-TnUZUN/CheckFunctionExists.c
Linking C executable cmTC_f63e1
/home/software/clion/bin/cmake/linux/x64/bin/cmake -E cmake_link_script CMakeFiles/cmTC_f63e1.dir/link.txt --verbose=1
/usr/bin/cc  -DCHECK_FUNCTION_EXISTS=pthread_create -rdynamic CMakeFiles/cmTC_f63e1.dir/CheckFunctionExists.c.o -o cmTC_f63e1  -lpthreads 
/usr/bin/ld: cannot find -lpthreads
collect2: error: ld returned 1 exit status
make[1]: *** [CMakeFiles/cmTC_f63e1.dir/build.make:99: cmTC_f63e1] Error 1
make[1]: Leaving directory '/home/philtell/code/gaode_ws/src/cmake-build-debug/CMakeFiles/CMakeScratch/TryCompile-TnUZUN'
make: *** [Makefile:127: cmTC_f63e1/fast] Error 2



